<?xml version="1.0" encoding="UTF-8"?>
<!-- Generated by org.testng.reporters.JUnitReportReporter -->
<testsuite skipped="0" hostname="LAPTOP-3FARVQ4Q" name="TestCases.CreateDepartmentTest" tests="2" failures="0" timestamp="13 Sep 2019 14:07:34 GMT" time="0.026" errors="0">
  <testcase name="LoginTest" time="0.023" classname="TestCases.CreateDepartmentTest"/>
  <testcase name="CreateDepartment" time="0.003" classname="TestCases.CreateDepartmentTest"/>
</testsuite> <!-- TestCases.CreateDepartmentTest -->
