<?xml version="1.0" encoding="UTF-8"?>
<!-- Generated by org.testng.reporters.JUnitReportReporter -->
<testsuite skipped="0" hostname="LAPTOP-3FARVQ4Q" name="stepDefinitions.LoginStepDefinition" tests="2" failures="0" timestamp="13 Sep 2019 14:05:27 GMT" time="15.726" errors="0">
  <testcase name="LoginTest" time="0.019" classname="stepDefinitions.LoginStepDefinition"/>
  <testcase name="CreateDepartment" time="15.707" classname="stepDefinitions.LoginStepDefinition"/>
</testsuite> <!-- stepDefinitions.LoginStepDefinition -->
