<?xml version="1.0" encoding="UTF-8"?>
<!-- Generated by org.testng.reporters.JUnitReportReporter -->
<testsuite skipped="0" hostname="LAPTOP-3FARVQ4Q" name="TestCases.CreateDepartmentTest" tests="2" failures="0" timestamp="09 Sep 2019 04:21:49 GMT" time="1.043" errors="0">
  <testcase name="SuccessfulLoginTest" time="1.041" classname="TestCases.CreateDepartmentTest"/>
  <testcase name="CreateDepartment" time="0.002" classname="TestCases.CreateDepartmentTest"/>
</testsuite> <!-- TestCases.CreateDepartmentTest -->
