<?xml version="1.0" encoding="UTF-8"?>
<!-- Generated by org.testng.reporters.JUnitReportReporter -->
<testsuite skipped="0" hostname="LAPTOP-3FARVQ4Q" name="Reusable.BaseTest" tests="2" failures="0" timestamp="16 Sep 2019 11:29:59 GMT" time="24.935" errors="0">
  <testcase name="LoginTest" time="0.029" classname="Reusable.BaseTest"/>
  <testcase name="CreateDepartment" time="24.906" classname="Reusable.BaseTest"/>
</testsuite> <!-- Reusable.BaseTest -->
