<?xml version="1.0" encoding="UTF-8"?>
<!-- Generated by org.testng.reporters.JUnitReportReporter -->
<testsuite skipped="0" hostname="LAPTOP-3FARVQ4Q" name="Reusable.BaseTest" tests="2" failures="0" timestamp="12 Sep 2019 13:40:48 GMT" time="22.134" errors="0">
  <testcase name="LoginTest" time="0.024" classname="Reusable.BaseTest"/>
  <testcase name="CreateDepartment" time="22.110" classname="Reusable.BaseTest"/>
</testsuite> <!-- Reusable.BaseTest -->
