<?xml version="1.0" encoding="UTF-8"?>
<!-- Generated by org.testng.reporters.JUnitReportReporter -->
<testsuite skipped="0" hostname="LAPTOP-3FARVQ4Q" name="DigitalLab.MobileTest" tests="1" failures="0" timestamp="30 Aug 2019 10:04:09 GMT" time="0.001" errors="0">
  <testcase name="Mobile" time="0.001" classname="DigitalLab.MobileTest"/>
</testsuite> <!-- DigitalLab.MobileTest -->
